name=MKL
data=data/iri2/3_ip.pkl
data=data/iri2/3_goip.pkl
data=data/iri2/3_go_bp.pkl
data=data/iri2/3_go_cc.pkl
data=data/iri2/3_go_mf.pkl
parameter-selection=grid
feature-reduction=1
parameter-bound=10
folds=15
runs=50
feature-reduction ... 1
classifier-type ... mkl
parameter-selection ... grid
Generating parameter combinations
Direction is maximize
trying combination:
root
	"C1"=0.000977 "C2"=0.000977 
[0.830706,0.833880] with alpha=0.050000, mean=0.832293
trying combination:
root
	"C1"=0.000977 "C2"=0.001953 
[0.832528,0.835543] with alpha=0.050000, mean=0.834035
trying combination:
root
	"C1"=0.000977 "C2"=0.003906 
[0.831471,0.835153] with alpha=0.050000, mean=0.833312
trying combination:
root
	"C1"=0.000977 "C2"=0.007812 
[0.707141,0.711563] with alpha=0.050000, mean=0.709352
trying combination:
root
	"C1"=0.000977 "C2"=0.015625 
[0.675125,0.678424] with alpha=0.050000, mean=0.676775
trying combination:
root
	"C1"=0.000977 "C2"=0.031250 
[0.672780,0.676472] with alpha=0.050000, mean=0.674626
trying combination:
root
	"C1"=0.000977 "C2"=0.062500 
[0.672511,0.676766] with alpha=0.050000, mean=0.674638
trying combination:
root
	"C1"=0.000977 "C2"=0.125000 
[0.673370,0.677579] with alpha=0.050000, mean=0.675474
trying combination:
root
	"C1"=0.000977 "C2"=0.250000 
[0.672845,0.676928] with alpha=0.050000, mean=0.674886
trying combination:
root
	"C1"=0.000977 "C2"=0.500000 
[0.673042,0.677695] with alpha=0.050000, mean=0.675369
trying combination:
root
	"C1"=0.000977 "C2"=1.000000 
[0.673473,0.677539] with alpha=0.050000, mean=0.675506
trying combination:
root
	"C1"=0.000977 "C2"=2.000000 
[0.674284,0.678213] with alpha=0.050000, mean=0.676248
trying combination:
root
	"C1"=0.000977 "C2"=4.000000 
[0.673641,0.677303] with alpha=0.050000, mean=0.675472
trying combination:
root
	"C1"=0.000977 "C2"=8.000000 
[0.673819,0.677361] with alpha=0.050000, mean=0.675590
trying combination:
root
	"C1"=0.000977 "C2"=16.000000 
[0.675913,0.680457] with alpha=0.050000, mean=0.678185
trying combination:
root
	"C1"=0.000977 "C2"=32.000000 
[0.672685,0.676476] with alpha=0.050000, mean=0.674581
trying combination:
root
	"C1"=0.000977 "C2"=64.000000 
[0.673246,0.677498] with alpha=0.050000, mean=0.675372
trying combination:
root
	"C1"=0.000977 "C2"=128.000000 
[0.673141,0.676929] with alpha=0.050000, mean=0.675035
trying combination:
root
	"C1"=0.000977 "C2"=256.000000 
[0.675047,0.678297] with alpha=0.050000, mean=0.676672
trying combination:
root
	"C1"=0.000977 "C2"=512.000000 
[0.672450,0.677466] with alpha=0.050000, mean=0.674958
trying combination:
root
	"C1"=0.000977 "C2"=1024.000000 
[0.672638,0.677487] with alpha=0.050000, mean=0.675062
trying combination:
root
	"C1"=0.001953 "C2"=0.000977 
[0.833776,0.837164] with alpha=0.050000, mean=0.835470
trying combination:
root
	"C1"=0.001953 "C2"=0.001953 
[0.831087,0.834984] with alpha=0.050000, mean=0.833035
trying combination:
root
	"C1"=0.001953 "C2"=0.003906 
[0.835100,0.838642] with alpha=0.050000, mean=0.836871
trying combination:
root
	"C1"=0.001953 "C2"=0.007812 
[0.830672,0.835460] with alpha=0.050000, mean=0.833066
trying combination:
root
	"C1"=0.001953 "C2"=0.015625 
[0.706180,0.710262] with alpha=0.050000, mean=0.708221
trying combination:
root
	"C1"=0.001953 "C2"=0.031250 
[0.683761,0.687699] with alpha=0.050000, mean=0.685730
trying combination:
root
	"C1"=0.001953 "C2"=0.062500 
[0.683470,0.687788] with alpha=0.050000, mean=0.685629
trying combination:
root
	"C1"=0.001953 "C2"=0.125000 
[0.684279,0.688743] with alpha=0.050000, mean=0.686511
trying combination:
root
	"C1"=0.001953 "C2"=0.250000 
[0.682861,0.687026] with alpha=0.050000, mean=0.684943
trying combination:
root
	"C1"=0.001953 "C2"=0.500000 
[0.682415,0.686677] with alpha=0.050000, mean=0.684546
trying combination:
root
	"C1"=0.001953 "C2"=1.000000 
[0.682521,0.687285] with alpha=0.050000, mean=0.684903
trying combination:
root
	"C1"=0.001953 "C2"=2.000000 
[0.684537,0.688593] with alpha=0.050000, mean=0.686565
trying combination:
root
	"C1"=0.001953 "C2"=4.000000 
[0.682350,0.687497] with alpha=0.050000, mean=0.684924
trying combination:
root
	"C1"=0.001953 "C2"=8.000000 
[0.681788,0.685845] with alpha=0.050000, mean=0.683816
trying combination:
root
	"C1"=0.001953 "C2"=16.000000 
[0.682563,0.687352] with alpha=0.050000, mean=0.684958
trying combination:
root
	"C1"=0.001953 "C2"=32.000000 
[0.681821,0.687014] with alpha=0.050000, mean=0.684417
trying combination:
root
	"C1"=0.001953 "C2"=64.000000 
[0.682202,0.686388] with alpha=0.050000, mean=0.684295
trying combination:
root
	"C1"=0.001953 "C2"=128.000000 
[0.684409,0.688483] with alpha=0.050000, mean=0.686446
trying combination:
root
	"C1"=0.001953 "C2"=256.000000 
[0.682543,0.687689] with alpha=0.050000, mean=0.685116
trying combination:
root
	"C1"=0.001953 "C2"=512.000000 
[0.684464,0.689001] with alpha=0.050000, mean=0.686732
trying combination:
root
	"C1"=0.001953 "C2"=1024.000000 
[0.684191,0.688542] with alpha=0.050000, mean=0.686367
trying combination:
root
	"C1"=0.003906 "C2"=0.000977 
[0.834373,0.838533] with alpha=0.050000, mean=0.836453
trying combination:
root
	"C1"=0.003906 "C2"=0.001953 
[0.830324,0.833801] with alpha=0.050000, mean=0.832062
trying combination:
root
	"C1"=0.003906 "C2"=0.003906 
[0.829383,0.833016] with alpha=0.050000, mean=0.831199
trying combination:
root
	"C1"=0.003906 "C2"=0.007812 
[0.831535,0.835380] with alpha=0.050000, mean=0.833457
trying combination:
root
	"C1"=0.003906 "C2"=0.015625 
[0.825009,0.828902] with alpha=0.050000, mean=0.826956
trying combination:
root
	"C1"=0.003906 "C2"=0.031250 
[0.717975,0.722838] with alpha=0.050000, mean=0.720406
trying combination:
root
	"C1"=0.003906 "C2"=0.062500 
[0.705731,0.710746] with alpha=0.050000, mean=0.708239
trying combination:
root
	"C1"=0.003906 "C2"=0.125000 
[0.705008,0.709240] with alpha=0.050000, mean=0.707124
trying combination:
root
	"C1"=0.003906 "C2"=0.250000 
[0.706514,0.710365] with alpha=0.050000, mean=0.708440
trying combination:
root
	"C1"=0.003906 "C2"=0.500000 
[0.706315,0.710208] with alpha=0.050000, mean=0.708261
trying combination:
root
	"C1"=0.003906 "C2"=1.000000 
[0.704048,0.708994] with alpha=0.050000, mean=0.706521
trying combination:
root
	"C1"=0.003906 "C2"=2.000000 
[0.707076,0.711267] with alpha=0.050000, mean=0.709171
trying combination:
root
	"C1"=0.003906 "C2"=4.000000 
[0.704093,0.708887] with alpha=0.050000, mean=0.706490
trying combination:
root
	"C1"=0.003906 "C2"=8.000000 
[0.705225,0.709351] with alpha=0.050000, mean=0.707288
trying combination:
root
	"C1"=0.003906 "C2"=16.000000 
[0.705183,0.710161] with alpha=0.050000, mean=0.707672
trying combination:
root
	"C1"=0.003906 "C2"=32.000000 
[0.706680,0.710383] with alpha=0.050000, mean=0.708531
trying combination:
root
	"C1"=0.003906 "C2"=64.000000 
[0.707063,0.711539] with alpha=0.050000, mean=0.709301
trying combination:
root
	"C1"=0.003906 "C2"=128.000000 
[0.703829,0.708419] with alpha=0.050000, mean=0.706124
trying combination:
root
	"C1"=0.003906 "C2"=256.000000 
[0.705907,0.710167] with alpha=0.050000, mean=0.708037
trying combination:
root
	"C1"=0.003906 "C2"=512.000000 
[0.703780,0.708555] with alpha=0.050000, mean=0.706167
trying combination:
root
	"C1"=0.003906 "C2"=1024.000000 
[0.705903,0.709464] with alpha=0.050000, mean=0.707684
trying combination:
root
	"C1"=0.007812 "C2"=0.000977 
[0.835641,0.838521] with alpha=0.050000, mean=0.837081
trying combination:
root
	"C1"=0.007812 "C2"=0.001953 
[0.832775,0.836234] with alpha=0.050000, mean=0.834504
trying combination:
root
	"C1"=0.007812 "C2"=0.003906 
[0.831565,0.834842] with alpha=0.050000, mean=0.833203
trying combination:
root
	"C1"=0.007812 "C2"=0.007812 
[0.836988,0.840295] with alpha=0.050000, mean=0.838641
trying combination:
root
	"C1"=0.007812 "C2"=0.015625 
[0.829491,0.833577] with alpha=0.050000, mean=0.831534
trying combination:
root
	"C1"=0.007812 "C2"=0.031250 
[0.819348,0.823749] with alpha=0.050000, mean=0.821549
trying combination:
root
	"C1"=0.007812 "C2"=0.062500 
[0.741446,0.747628] with alpha=0.050000, mean=0.744537
trying combination:
root
	"C1"=0.007812 "C2"=0.125000 
[0.737795,0.743272] with alpha=0.050000, mean=0.740534
trying combination:
root
	"C1"=0.007812 "C2"=0.250000 
[0.737041,0.742324] with alpha=0.050000, mean=0.739683
trying combination:
root
	"C1"=0.007812 "C2"=0.500000 
[0.738144,0.743121] with alpha=0.050000, mean=0.740633
trying combination:
root
	"C1"=0.007812 "C2"=1.000000 
[0.738726,0.743468] with alpha=0.050000, mean=0.741097
trying combination:
root
	"C1"=0.007812 "C2"=2.000000 
[0.738830,0.743895] with alpha=0.050000, mean=0.741362
trying combination:
root
	"C1"=0.007812 "C2"=4.000000 
[0.739981,0.745607] with alpha=0.050000, mean=0.742794
trying combination:
root
	"C1"=0.007812 "C2"=8.000000 
[0.737229,0.742120] with alpha=0.050000, mean=0.739675
trying combination:
root
	"C1"=0.007812 "C2"=16.000000 
[0.739338,0.744770] with alpha=0.050000, mean=0.742054
trying combination:
root
	"C1"=0.007812 "C2"=32.000000 
[0.738617,0.742581] with alpha=0.050000, mean=0.740599
trying combination:
root
	"C1"=0.007812 "C2"=64.000000 
[0.736884,0.742165] with alpha=0.050000, mean=0.739525
trying combination:
root
	"C1"=0.007812 "C2"=128.000000 
[0.738048,0.743223] with alpha=0.050000, mean=0.740635
trying combination:
root
	"C1"=0.007812 "C2"=256.000000 
[0.738058,0.743351] with alpha=0.050000, mean=0.740705
trying combination:
root
	"C1"=0.007812 "C2"=512.000000 
[0.740631,0.745601] with alpha=0.050000, mean=0.743116
trying combination:
root
	"C1"=0.007812 "C2"=1024.000000 
[0.740954,0.746628] with alpha=0.050000, mean=0.743791
trying combination:
root
	"C1"=0.015625 "C2"=0.000977 
[0.834682,0.838069] with alpha=0.050000, mean=0.836376
trying combination:
root
	"C1"=0.015625 "C2"=0.001953 
[0.831458,0.834452] with alpha=0.050000, mean=0.832955
trying combination:
root
	"C1"=0.015625 "C2"=0.003906 
[0.832642,0.835992] with alpha=0.050000, mean=0.834317
trying combination:
root
	"C1"=0.015625 "C2"=0.007812 
[0.833556,0.837299] with alpha=0.050000, mean=0.835427
trying combination:
root
	"C1"=0.015625 "C2"=0.015625 
[0.828170,0.832049] with alpha=0.050000, mean=0.830110
trying combination:
root
	"C1"=0.015625 "C2"=0.031250 
[0.827121,0.831261] with alpha=0.050000, mean=0.829191
trying combination:
root
	"C1"=0.015625 "C2"=0.062500 
[0.804771,0.810612] with alpha=0.050000, mean=0.807692
trying combination:
root
	"C1"=0.015625 "C2"=0.125000 
[0.771804,0.777070] with alpha=0.050000, mean=0.774437
trying combination:
root
	"C1"=0.015625 "C2"=0.250000 
[0.771175,0.776743] with alpha=0.050000, mean=0.773959
trying combination:
root
	"C1"=0.015625 "C2"=0.500000 
[0.770476,0.775153] with alpha=0.050000, mean=0.772814
trying combination:
root
	"C1"=0.015625 "C2"=1.000000 
[0.771384,0.776879] with alpha=0.050000, mean=0.774132
trying combination:
root
	"C1"=0.015625 "C2"=2.000000 
[0.772735,0.777497] with alpha=0.050000, mean=0.775116
trying combination:
root
	"C1"=0.015625 "C2"=4.000000 
[0.773383,0.778188] with alpha=0.050000, mean=0.775785
trying combination:
root
	"C1"=0.015625 "C2"=8.000000 
[0.773924,0.778779] with alpha=0.050000, mean=0.776352
trying combination:
root
	"C1"=0.015625 "C2"=16.000000 
[0.773576,0.778386] with alpha=0.050000, mean=0.775981
trying combination:
root
	"C1"=0.015625 "C2"=32.000000 
[0.774665,0.779109] with alpha=0.050000, mean=0.776887
trying combination:
root
	"C1"=0.015625 "C2"=64.000000 
[0.772495,0.777769] with alpha=0.050000, mean=0.775132
trying combination:
root
	"C1"=0.015625 "C2"=128.000000 
[0.772530,0.777950] with alpha=0.050000, mean=0.775240
trying combination:
root
	"C1"=0.015625 "C2"=256.000000 
[0.772193,0.776918] with alpha=0.050000, mean=0.774556
trying combination:
root
	"C1"=0.015625 "C2"=512.000000 
[0.772056,0.777212] with alpha=0.050000, mean=0.774634
trying combination:
root
	"C1"=0.015625 "C2"=1024.000000 
[0.772631,0.778148] with alpha=0.050000, mean=0.775390
trying combination:
root
	"C1"=0.031250 "C2"=0.000977 
[0.835862,0.838550] with alpha=0.050000, mean=0.837206
trying combination:
root
	"C1"=0.031250 "C2"=0.001953 
[0.834864,0.838123] with alpha=0.050000, mean=0.836493
trying combination:
root
	"C1"=0.031250 "C2"=0.003906 
[0.832701,0.835641] with alpha=0.050000, mean=0.834171
trying combination:
root
	"C1"=0.031250 "C2"=0.007812 
[0.836369,0.840042] with alpha=0.050000, mean=0.838206
trying combination:
root
	"C1"=0.031250 "C2"=0.015625 
[0.827077,0.830923] with alpha=0.050000, mean=0.829000
trying combination:
root
	"C1"=0.031250 "C2"=0.031250 
[0.827043,0.830915] with alpha=0.050000, mean=0.828979
trying combination:
root
	"C1"=0.031250 "C2"=0.062500 
[0.826831,0.831573] with alpha=0.050000, mean=0.829202
trying combination:
root
	"C1"=0.031250 "C2"=0.125000 
[0.822291,0.826668] with alpha=0.050000, mean=0.824480
trying combination:
root
	"C1"=0.031250 "C2"=0.250000 
[0.821354,0.825455] with alpha=0.050000, mean=0.823405
trying combination:
root
	"C1"=0.031250 "C2"=0.500000 
[0.821955,0.825860] with alpha=0.050000, mean=0.823908
trying combination:
root
	"C1"=0.031250 "C2"=1.000000 
[0.818497,0.823134] with alpha=0.050000, mean=0.820815
trying combination:
root
	"C1"=0.031250 "C2"=2.000000 
[0.819259,0.823575] with alpha=0.050000, mean=0.821417
trying combination:
root
	"C1"=0.031250 "C2"=4.000000 
[0.821356,0.825324] with alpha=0.050000, mean=0.823340
trying combination:
root
	"C1"=0.031250 "C2"=8.000000 
[0.822468,0.826563] with alpha=0.050000, mean=0.824515
trying combination:
root
	"C1"=0.031250 "C2"=16.000000 
[0.821608,0.825961] with alpha=0.050000, mean=0.823785
trying combination:
root
	"C1"=0.031250 "C2"=32.000000 
[0.820578,0.825358] with alpha=0.050000, mean=0.822968
trying combination:
root
	"C1"=0.031250 "C2"=64.000000 
[0.822492,0.826654] with alpha=0.050000, mean=0.824573
trying combination:
root
	"C1"=0.031250 "C2"=128.000000 
[0.821083,0.825529] with alpha=0.050000, mean=0.823306
trying combination:
root
	"C1"=0.031250 "C2"=256.000000 
[0.822130,0.826315] with alpha=0.050000, mean=0.824222
trying combination:
root
	"C1"=0.031250 "C2"=512.000000 
[0.820038,0.824087] with alpha=0.050000, mean=0.822063
trying combination:
root
	"C1"=0.031250 "C2"=1024.000000 
[0.820032,0.824027] with alpha=0.050000, mean=0.822030
trying combination:
root
	"C1"=0.062500 "C2"=0.000977 
[0.836582,0.840263] with alpha=0.050000, mean=0.838422
trying combination:
root
	"C1"=0.062500 "C2"=0.001953 
[0.831930,0.835406] with alpha=0.050000, mean=0.833668
trying combination:
root
	"C1"=0.062500 "C2"=0.003906 
[0.831515,0.834695] with alpha=0.050000, mean=0.833105
trying combination:
root
	"C1"=0.062500 "C2"=0.007812 
[0.835416,0.839622] with alpha=0.050000, mean=0.837519
trying combination:
root
	"C1"=0.062500 "C2"=0.015625 
[0.825117,0.829311] with alpha=0.050000, mean=0.827214
trying combination:
root
	"C1"=0.062500 "C2"=0.031250 
[0.824955,0.829238] with alpha=0.050000, mean=0.827096
trying combination:
root
	"C1"=0.062500 "C2"=0.062500 
[0.825792,0.830214] with alpha=0.050000, mean=0.828003
trying combination:
root
	"C1"=0.062500 "C2"=0.125000 
[0.827562,0.831715] with alpha=0.050000, mean=0.829638
trying combination:
root
	"C1"=0.062500 "C2"=0.250000 
[0.825076,0.829264] with alpha=0.050000, mean=0.827170
trying combination:
root
	"C1"=0.062500 "C2"=0.500000 
[0.827595,0.831675] with alpha=0.050000, mean=0.829635
trying combination:
root
	"C1"=0.062500 "C2"=1.000000 
[0.826468,0.830661] with alpha=0.050000, mean=0.828564
trying combination:
root
	"C1"=0.062500 "C2"=2.000000 
[0.826096,0.829609] with alpha=0.050000, mean=0.827852
trying combination:
root
	"C1"=0.062500 "C2"=4.000000 
[0.829035,0.833474] with alpha=0.050000, mean=0.831255
trying combination:
root
	"C1"=0.062500 "C2"=8.000000 
[0.827116,0.830982] with alpha=0.050000, mean=0.829049
trying combination:
root
	"C1"=0.062500 "C2"=16.000000 
[0.828381,0.833074] with alpha=0.050000, mean=0.830727
trying combination:
root
	"C1"=0.062500 "C2"=32.000000 
[0.828522,0.832769] with alpha=0.050000, mean=0.830645
trying combination:
root
	"C1"=0.062500 "C2"=64.000000 
[0.826807,0.830619] with alpha=0.050000, mean=0.828713
trying combination:
root
	"C1"=0.062500 "C2"=128.000000 
[0.825658,0.829685] with alpha=0.050000, mean=0.827671
trying combination:
root
	"C1"=0.062500 "C2"=256.000000 
[0.827824,0.832681] with alpha=0.050000, mean=0.830253
trying combination:
root
	"C1"=0.062500 "C2"=512.000000 
[0.826799,0.831443] with alpha=0.050000, mean=0.829121
trying combination:
root
	"C1"=0.062500 "C2"=1024.000000 
[0.826115,0.830400] with alpha=0.050000, mean=0.828257
trying combination:
root
	"C1"=0.125000 "C2"=0.000977 
[0.836349,0.839405] with alpha=0.050000, mean=0.837877
trying combination:
root
	"C1"=0.125000 "C2"=0.001953 
[0.832586,0.835588] with alpha=0.050000, mean=0.834087
trying combination:
root
	"C1"=0.125000 "C2"=0.003906 
[0.831052,0.834966] with alpha=0.050000, mean=0.833009
trying combination:
root
	"C1"=0.125000 "C2"=0.007812 
[0.835919,0.839560] with alpha=0.050000, mean=0.837740
trying combination:
root
	"C1"=0.125000 "C2"=0.015625 
[0.826070,0.829764] with alpha=0.050000, mean=0.827917
trying combination:
root
	"C1"=0.125000 "C2"=0.031250 
[0.827356,0.831975] with alpha=0.050000, mean=0.829665
trying combination:
root
	"C1"=0.125000 "C2"=0.062500 
[0.826769,0.831445] with alpha=0.050000, mean=0.829107
trying combination:
root
	"C1"=0.125000 "C2"=0.125000 
[0.826761,0.829965] with alpha=0.050000, mean=0.828363
trying combination:
root
	"C1"=0.125000 "C2"=0.250000 
[0.824747,0.829425] with alpha=0.050000, mean=0.827086
trying combination:
root
	"C1"=0.125000 "C2"=0.500000 
[0.824700,0.828409] with alpha=0.050000, mean=0.826554
trying combination:
root
	"C1"=0.125000 "C2"=1.000000 
[0.826677,0.830971] with alpha=0.050000, mean=0.828824
trying combination:
root
	"C1"=0.125000 "C2"=2.000000 
[0.825829,0.830983] with alpha=0.050000, mean=0.828406
trying combination:
root
	"C1"=0.125000 "C2"=4.000000 
[0.828174,0.832468] with alpha=0.050000, mean=0.830321
trying combination:
root
	"C1"=0.125000 "C2"=8.000000 
[0.825588,0.829460] with alpha=0.050000, mean=0.827524
trying combination:
root
	"C1"=0.125000 "C2"=16.000000 
[0.826029,0.830258] with alpha=0.050000, mean=0.828144
trying combination:
root
	"C1"=0.125000 "C2"=32.000000 
[0.827243,0.831212] with alpha=0.050000, mean=0.829227
trying combination:
root
	"C1"=0.125000 "C2"=64.000000 
[0.826840,0.830917] with alpha=0.050000, mean=0.828879
trying combination:
root
	"C1"=0.125000 "C2"=128.000000 
[0.827475,0.831705] with alpha=0.050000, mean=0.829590
trying combination:
root
	"C1"=0.125000 "C2"=256.000000 
[0.826945,0.830861] with alpha=0.050000, mean=0.828903
trying combination:
root
	"C1"=0.125000 "C2"=512.000000 
[0.825503,0.829500] with alpha=0.050000, mean=0.827502
trying combination:
root
	"C1"=0.125000 "C2"=1024.000000 
[0.826688,0.830505] with alpha=0.050000, mean=0.828596
trying combination:
root
	"C1"=0.250000 "C2"=0.000977 
[0.836817,0.840007] with alpha=0.050000, mean=0.838412
trying combination:
root
	"C1"=0.250000 "C2"=0.001953 
[0.831913,0.835892] with alpha=0.050000, mean=0.833903
trying combination:
root
	"C1"=0.250000 "C2"=0.003906 
[0.830263,0.834140] with alpha=0.050000, mean=0.832202
trying combination:
root
	"C1"=0.250000 "C2"=0.007812 
[0.834943,0.838657] with alpha=0.050000, mean=0.836800
trying combination:
root
	"C1"=0.250000 "C2"=0.015625 
[0.827386,0.831455] with alpha=0.050000, mean=0.829420
trying combination:
root
	"C1"=0.250000 "C2"=0.031250 
[0.827840,0.831948] with alpha=0.050000, mean=0.829894
trying combination:
root
	"C1"=0.250000 "C2"=0.062500 
[0.825361,0.829309] with alpha=0.050000, mean=0.827335
trying combination:
root
	"C1"=0.250000 "C2"=0.125000 
[0.827459,0.831828] with alpha=0.050000, mean=0.829643
trying combination:
root
	"C1"=0.250000 "C2"=0.250000 
[0.825993,0.830249] with alpha=0.050000, mean=0.828121
trying combination:
root
	"C1"=0.250000 "C2"=0.500000 
[0.827273,0.831500] with alpha=0.050000, mean=0.829386
trying combination:
root
	"C1"=0.250000 "C2"=1.000000 
[0.828059,0.832081] with alpha=0.050000, mean=0.830070
trying combination:
root
	"C1"=0.250000 "C2"=2.000000 
[0.825531,0.829098] with alpha=0.050000, mean=0.827314
trying combination:
root
	"C1"=0.250000 "C2"=4.000000 
[0.825535,0.829331] with alpha=0.050000, mean=0.827433
trying combination:
root
	"C1"=0.250000 "C2"=8.000000 
[0.827193,0.831545] with alpha=0.050000, mean=0.829369
trying combination:
root
	"C1"=0.250000 "C2"=16.000000 
[0.827278,0.830917] with alpha=0.050000, mean=0.829097
trying combination:
root
	"C1"=0.250000 "C2"=32.000000 
[0.827916,0.832498] with alpha=0.050000, mean=0.830207
trying combination:
root
	"C1"=0.250000 "C2"=64.000000 
[0.825575,0.830270] with alpha=0.050000, mean=0.827923
trying combination:
root
	"C1"=0.250000 "C2"=128.000000 
[0.826856,0.830739] with alpha=0.050000, mean=0.828797
trying combination:
root
	"C1"=0.250000 "C2"=256.000000 
[0.826485,0.830974] with alpha=0.050000, mean=0.828730
trying combination:
root
	"C1"=0.250000 "C2"=512.000000 
[0.825889,0.830396] with alpha=0.050000, mean=0.828142
trying combination:
root
	"C1"=0.250000 "C2"=1024.000000 
[0.825217,0.828992] with alpha=0.050000, mean=0.827104
trying combination:
root
	"C1"=0.500000 "C2"=0.000977 
[0.835451,0.838433] with alpha=0.050000, mean=0.836942
trying combination:
root
	"C1"=0.500000 "C2"=0.001953 
[0.832634,0.836183] with alpha=0.050000, mean=0.834408
trying combination:
root
	"C1"=0.500000 "C2"=0.003906 
[0.832787,0.835774] with alpha=0.050000, mean=0.834280
trying combination:
root
	"C1"=0.500000 "C2"=0.007812 
[0.836381,0.840022] with alpha=0.050000, mean=0.838201
trying combination:
root
	"C1"=0.500000 "C2"=0.015625 
[0.828161,0.831945] with alpha=0.050000, mean=0.830053
trying combination:
root
	"C1"=0.500000 "C2"=0.031250 
[0.825559,0.829973] with alpha=0.050000, mean=0.827766
trying combination:
root
	"C1"=0.500000 "C2"=0.062500 
[0.827779,0.831794] with alpha=0.050000, mean=0.829787
trying combination:
root
	"C1"=0.500000 "C2"=0.125000 
[0.827783,0.831723] with alpha=0.050000, mean=0.829753
trying combination:
root
	"C1"=0.500000 "C2"=0.250000 
[0.826985,0.830993] with alpha=0.050000, mean=0.828989
trying combination:
root
	"C1"=0.500000 "C2"=0.500000 
[0.827147,0.831025] with alpha=0.050000, mean=0.829086
trying combination:
root
	"C1"=0.500000 "C2"=1.000000 
[0.826530,0.830991] with alpha=0.050000, mean=0.828761
trying combination:
root
	"C1"=0.500000 "C2"=2.000000 
[0.825959,0.831373] with alpha=0.050000, mean=0.828666
trying combination:
root
	"C1"=0.500000 "C2"=4.000000 
[0.825643,0.829888] with alpha=0.050000, mean=0.827766
trying combination:
root
	"C1"=0.500000 "C2"=8.000000 
[0.827509,0.832065] with alpha=0.050000, mean=0.829787
trying combination:
root
	"C1"=0.500000 "C2"=16.000000 
[0.826634,0.831532] with alpha=0.050000, mean=0.829083
trying combination:
root
	"C1"=0.500000 "C2"=32.000000 
[0.825737,0.829933] with alpha=0.050000, mean=0.827835
trying combination:
root
	"C1"=0.500000 "C2"=64.000000 
[0.825957,0.830078] with alpha=0.050000, mean=0.828017
trying combination:
root
	"C1"=0.500000 "C2"=128.000000 
[0.827117,0.831072] with alpha=0.050000, mean=0.829095
trying combination:
root
	"C1"=0.500000 "C2"=256.000000 
[0.825190,0.830385] with alpha=0.050000, mean=0.827788
trying combination:
root
	"C1"=0.500000 "C2"=512.000000 
[0.825717,0.829917] with alpha=0.050000, mean=0.827817
trying combination:
root
	"C1"=0.500000 "C2"=1024.000000 
[0.827731,0.832399] with alpha=0.050000, mean=0.830065
trying combination:
root
	"C1"=1.000000 "C2"=0.000977 
[0.835083,0.838184] with alpha=0.050000, mean=0.836634
trying combination:
root
	"C1"=1.000000 "C2"=0.001953 
[0.833281,0.836933] with alpha=0.050000, mean=0.835107
trying combination:
root
	"C1"=1.000000 "C2"=0.003906 
[0.831482,0.835138] with alpha=0.050000, mean=0.833310
trying combination:
root
	"C1"=1.000000 "C2"=0.007812 
[0.836073,0.839671] with alpha=0.050000, mean=0.837872
trying combination:
root
	"C1"=1.000000 "C2"=0.015625 
[0.828449,0.831979] with alpha=0.050000, mean=0.830214
trying combination:
root
	"C1"=1.000000 "C2"=0.031250 
[0.828480,0.832898] with alpha=0.050000, mean=0.830689
trying combination:
root
	"C1"=1.000000 "C2"=0.062500 
[0.825927,0.830049] with alpha=0.050000, mean=0.827988
trying combination:
root
	"C1"=1.000000 "C2"=0.125000 
[0.827554,0.831364] with alpha=0.050000, mean=0.829459
trying combination:
root
	"C1"=1.000000 "C2"=0.250000 
[0.828270,0.832263] with alpha=0.050000, mean=0.830266
trying combination:
root
	"C1"=1.000000 "C2"=0.500000 
[0.826583,0.831043] with alpha=0.050000, mean=0.828813
trying combination:
root
	"C1"=1.000000 "C2"=1.000000 
[0.826867,0.831115] with alpha=0.050000, mean=0.828991
trying combination:
root
	"C1"=1.000000 "C2"=2.000000 
[0.823092,0.827962] with alpha=0.050000, mean=0.825527
trying combination:
root
	"C1"=1.000000 "C2"=4.000000 
[0.827659,0.831618] with alpha=0.050000, mean=0.829638
trying combination:
root
	"C1"=1.000000 "C2"=8.000000 
[0.826122,0.831021] with alpha=0.050000, mean=0.828571
trying combination:
root
	"C1"=1.000000 "C2"=16.000000 
[0.825469,0.830044] with alpha=0.050000, mean=0.827756
trying combination:
root
	"C1"=1.000000 "C2"=32.000000 
[0.825514,0.829797] with alpha=0.050000, mean=0.827655
trying combination:
root
	"C1"=1.000000 "C2"=64.000000 
[0.827005,0.831612] with alpha=0.050000, mean=0.829308
trying combination:
root
	"C1"=1.000000 "C2"=128.000000 
[0.825742,0.830306] with alpha=0.050000, mean=0.828024
trying combination:
root
	"C1"=1.000000 "C2"=256.000000 
[0.827437,0.832074] with alpha=0.050000, mean=0.829755
trying combination:
root
	"C1"=1.000000 "C2"=512.000000 
[0.825886,0.830182] with alpha=0.050000, mean=0.828034
trying combination:
root
	"C1"=1.000000 "C2"=1024.000000 
[0.826994,0.831378] with alpha=0.050000, mean=0.829186
trying combination:
root
	"C1"=2.000000 "C2"=0.000977 
[0.833997,0.837533] with alpha=0.050000, mean=0.835765
trying combination:
root
	"C1"=2.000000 "C2"=0.001953 
[0.833411,0.836408] with alpha=0.050000, mean=0.834909
trying combination:
root
	"C1"=2.000000 "C2"=0.003906 
[0.831350,0.834897] with alpha=0.050000, mean=0.833123
trying combination:
root
	"C1"=2.000000 "C2"=0.007812 
[0.837965,0.841385] with alpha=0.050000, mean=0.839675
trying combination:
root
	"C1"=2.000000 "C2"=0.015625 
[0.828040,0.831896] with alpha=0.050000, mean=0.829968
trying combination:
root
	"C1"=2.000000 "C2"=0.031250 
[0.825793,0.829408] with alpha=0.050000, mean=0.827600
trying combination:
root
	"C1"=2.000000 "C2"=0.062500 
[0.823809,0.828072] with alpha=0.050000, mean=0.825940
trying combination:
root
	"C1"=2.000000 "C2"=0.125000 
[0.823965,0.828197] with alpha=0.050000, mean=0.826081
trying combination:
root
	"C1"=2.000000 "C2"=0.250000 
[0.826255,0.830954] with alpha=0.050000, mean=0.828604
trying combination:
root
	"C1"=2.000000 "C2"=0.500000 
[0.825181,0.829531] with alpha=0.050000, mean=0.827356
trying combination:
root
	"C1"=2.000000 "C2"=1.000000 
[0.828117,0.831434] with alpha=0.050000, mean=0.829776
trying combination:
root
	"C1"=2.000000 "C2"=2.000000 
[0.825926,0.830558] with alpha=0.050000, mean=0.828242
trying combination:
root
	"C1"=2.000000 "C2"=4.000000 
[0.827105,0.831809] with alpha=0.050000, mean=0.829457
trying combination:
root
	"C1"=2.000000 "C2"=8.000000 
[0.827294,0.831402] with alpha=0.050000, mean=0.829348
trying combination:
root
	"C1"=2.000000 "C2"=16.000000 
[0.826029,0.829508] with alpha=0.050000, mean=0.827768
trying combination:
root
	"C1"=2.000000 "C2"=32.000000 
[0.826052,0.830378] with alpha=0.050000, mean=0.828215
trying combination:
root
	"C1"=2.000000 "C2"=64.000000 
[0.825777,0.830291] with alpha=0.050000, mean=0.828034
trying combination:
root
	"C1"=2.000000 "C2"=128.000000 
[0.826106,0.829920] with alpha=0.050000, mean=0.828013
trying combination:
root
	"C1"=2.000000 "C2"=256.000000 
[0.826988,0.830549] with alpha=0.050000, mean=0.828768
trying combination:
root
	"C1"=2.000000 "C2"=512.000000 
[0.826319,0.830027] with alpha=0.050000, mean=0.828173
trying combination:
root
	"C1"=2.000000 "C2"=1024.000000 
[0.826124,0.830776] with alpha=0.050000, mean=0.828450
trying combination:
root
	"C1"=4.000000 "C2"=0.000977 
[0.835958,0.839276] with alpha=0.050000, mean=0.837617
trying combination:
root
	"C1"=4.000000 "C2"=0.001953 
[0.832715,0.835786] with alpha=0.050000, mean=0.834250
trying combination:
root
	"C1"=4.000000 "C2"=0.003906 
[0.831963,0.835762] with alpha=0.050000, mean=0.833863
trying combination:
root
	"C1"=4.000000 "C2"=0.007812 
[0.835386,0.838900] with alpha=0.050000, mean=0.837143
trying combination:
root
	"C1"=4.000000 "C2"=0.015625 
[0.827828,0.831694] with alpha=0.050000, mean=0.829761
trying combination:
root
	"C1"=4.000000 "C2"=0.031250 
[0.826251,0.829869] with alpha=0.050000, mean=0.828060
trying combination:
root
	"C1"=4.000000 "C2"=0.062500 
[0.826239,0.830746] with alpha=0.050000, mean=0.828492
trying combination:
root
	"C1"=4.000000 "C2"=0.125000 
[0.825610,0.829864] with alpha=0.050000, mean=0.827737
trying combination:
root
	"C1"=4.000000 "C2"=0.250000 
[0.826488,0.830996] with alpha=0.050000, mean=0.828742
trying combination:
root
	"C1"=4.000000 "C2"=0.500000 
[0.825948,0.830106] with alpha=0.050000, mean=0.828027
trying combination:
root
	"C1"=4.000000 "C2"=1.000000 
[0.825230,0.829974] with alpha=0.050000, mean=0.827602
trying combination:
root
	"C1"=4.000000 "C2"=2.000000 
[0.826302,0.830264] with alpha=0.050000, mean=0.828283
trying combination:
root
	"C1"=4.000000 "C2"=4.000000 
[0.824856,0.829410] with alpha=0.050000, mean=0.827133
trying combination:
root
	"C1"=4.000000 "C2"=8.000000 
[0.825942,0.830343] with alpha=0.050000, mean=0.828143
trying combination:
root
	"C1"=4.000000 "C2"=16.000000 
[0.826750,0.830875] with alpha=0.050000, mean=0.828813
trying combination:
root
	"C1"=4.000000 "C2"=32.000000 
[0.826660,0.830729] with alpha=0.050000, mean=0.828694
trying combination:
root
	"C1"=4.000000 "C2"=64.000000 
[0.828397,0.832809] with alpha=0.050000, mean=0.830603
trying combination:
root
	"C1"=4.000000 "C2"=128.000000 
[0.826283,0.830369] with alpha=0.050000, mean=0.828326
trying combination:
root
	"C1"=4.000000 "C2"=256.000000 
[0.826397,0.830827] with alpha=0.050000, mean=0.828612
trying combination:
root
	"C1"=4.000000 "C2"=512.000000 
[0.823683,0.828617] with alpha=0.050000, mean=0.826150
trying combination:
root
	"C1"=4.000000 "C2"=1024.000000 
[0.826817,0.830602] with alpha=0.050000, mean=0.828710
trying combination:
root
	"C1"=8.000000 "C2"=0.000977 
[0.834679,0.837889] with alpha=0.050000, mean=0.836284
trying combination:
root
	"C1"=8.000000 "C2"=0.001953 
[0.832844,0.835616] with alpha=0.050000, mean=0.834230
trying combination:
root
	"C1"=8.000000 "C2"=0.003906 
[0.830096,0.834051] with alpha=0.050000, mean=0.832074
trying combination:
root
	"C1"=8.000000 "C2"=0.007812 
[0.835184,0.838741] with alpha=0.050000, mean=0.836963
trying combination:
root
	"C1"=8.000000 "C2"=0.015625 
[0.828653,0.832142] with alpha=0.050000, mean=0.830398
trying combination:
root
	"C1"=8.000000 "C2"=0.031250 
[0.825164,0.829765] with alpha=0.050000, mean=0.827464
trying combination:
root
	"C1"=8.000000 "C2"=0.062500 
[0.824491,0.828610] with alpha=0.050000, mean=0.826550
trying combination:
root
	"C1"=8.000000 "C2"=0.125000 
[0.827435,0.831166] with alpha=0.050000, mean=0.829301
trying combination:
root
	"C1"=8.000000 "C2"=0.250000 
[0.826420,0.830451] with alpha=0.050000, mean=0.828435
trying combination:
root
	"C1"=8.000000 "C2"=0.500000 
[0.826352,0.830690] with alpha=0.050000, mean=0.828521
trying combination:
root
	"C1"=8.000000 "C2"=1.000000 
[0.826416,0.829832] with alpha=0.050000, mean=0.828124
trying combination:
root
	"C1"=8.000000 "C2"=2.000000 
[0.828747,0.832603] with alpha=0.050000, mean=0.830675
trying combination:
root
	"C1"=8.000000 "C2"=4.000000 
[0.826332,0.830966] with alpha=0.050000, mean=0.828649
trying combination:
root
	"C1"=8.000000 "C2"=8.000000 
[0.827101,0.831682] with alpha=0.050000, mean=0.829392
trying combination:
root
	"C1"=8.000000 "C2"=16.000000 
[0.825990,0.829956] with alpha=0.050000, mean=0.827973
trying combination:
root
	"C1"=8.000000 "C2"=32.000000 
[0.826642,0.830557] with alpha=0.050000, mean=0.828599
trying combination:
root
	"C1"=8.000000 "C2"=64.000000 
[0.825975,0.829974] with alpha=0.050000, mean=0.827975
trying combination:
root
	"C1"=8.000000 "C2"=128.000000 
[0.825549,0.829319] with alpha=0.050000, mean=0.827434
trying combination:
root
	"C1"=8.000000 "C2"=256.000000 
[0.827592,0.832187] with alpha=0.050000, mean=0.829890
trying combination:
root
	"C1"=8.000000 "C2"=512.000000 
[0.828524,0.832360] with alpha=0.050000, mean=0.830442
trying combination:
root
	"C1"=8.000000 "C2"=1024.000000 
[0.826259,0.830524] with alpha=0.050000, mean=0.828391
trying combination:
root
	"C1"=16.000000 "C2"=0.000977 
[0.836250,0.838944] with alpha=0.050000, mean=0.837597
trying combination:
root
	"C1"=16.000000 "C2"=0.001953 
[0.834233,0.837442] with alpha=0.050000, mean=0.835838
trying combination:
root
	"C1"=16.000000 "C2"=0.003906 
[0.833417,0.836708] with alpha=0.050000, mean=0.835063
trying combination:
root
	"C1"=16.000000 "C2"=0.007812 
[0.836648,0.839750] with alpha=0.050000, mean=0.838199
trying combination:
root
	"C1"=16.000000 "C2"=0.015625 
[0.826878,0.830713] with alpha=0.050000, mean=0.828795
trying combination:
root
	"C1"=16.000000 "C2"=0.031250 
[0.825782,0.829751] with alpha=0.050000, mean=0.827767
trying combination:
root
	"C1"=16.000000 "C2"=0.062500 
[0.825411,0.829667] with alpha=0.050000, mean=0.827539
trying combination:
root
	"C1"=16.000000 "C2"=0.125000 
[0.824916,0.829383] with alpha=0.050000, mean=0.827150
trying combination:
root
	"C1"=16.000000 "C2"=0.250000 
[0.827769,0.831747] with alpha=0.050000, mean=0.829758
trying combination:
root
	"C1"=16.000000 "C2"=0.500000 
[0.826947,0.830953] with alpha=0.050000, mean=0.828950
trying combination:
root
	"C1"=16.000000 "C2"=1.000000 
[0.826860,0.831404] with alpha=0.050000, mean=0.829132
trying combination:
root
	"C1"=16.000000 "C2"=2.000000 
[0.826592,0.830121] with alpha=0.050000, mean=0.828357
trying combination:
root
	"C1"=16.000000 "C2"=4.000000 
[0.825789,0.830466] with alpha=0.050000, mean=0.828127
trying combination:
root
	"C1"=16.000000 "C2"=8.000000 
[0.825609,0.830107] with alpha=0.050000, mean=0.827858
trying combination:
root
	"C1"=16.000000 "C2"=16.000000 
[0.825957,0.830363] with alpha=0.050000, mean=0.828160
trying combination:
root
	"C1"=16.000000 "C2"=32.000000 
[0.824648,0.828245] with alpha=0.050000, mean=0.826446
trying combination:
root
	"C1"=16.000000 "C2"=64.000000 
[0.826569,0.831036] with alpha=0.050000, mean=0.828802
trying combination:
root
	"C1"=16.000000 "C2"=128.000000 
[0.826275,0.829965] with alpha=0.050000, mean=0.828120
trying combination:
root
	"C1"=16.000000 "C2"=256.000000 
[0.825787,0.830273] with alpha=0.050000, mean=0.828030
trying combination:
root
	"C1"=16.000000 "C2"=512.000000 
[0.825335,0.829508] with alpha=0.050000, mean=0.827422
trying combination:
root
	"C1"=16.000000 "C2"=1024.000000 
[0.825418,0.829626] with alpha=0.050000, mean=0.827522
trying combination:
root
	"C1"=32.000000 "C2"=0.000977 
[0.836572,0.839527] with alpha=0.050000, mean=0.838049
trying combination:
root
	"C1"=32.000000 "C2"=0.001953 
[0.832073,0.835410] with alpha=0.050000, mean=0.833742
trying combination:
root
	"C1"=32.000000 "C2"=0.003906 
[0.831807,0.835098] with alpha=0.050000, mean=0.833453
trying combination:
root
	"C1"=32.000000 "C2"=0.007812 
[0.837375,0.840499] with alpha=0.050000, mean=0.838937
trying combination:
root
	"C1"=32.000000 "C2"=0.015625 
[0.827535,0.832064] with alpha=0.050000, mean=0.829799
trying combination:
root
	"C1"=32.000000 "C2"=0.031250 
[0.827504,0.830734] with alpha=0.050000, mean=0.829119
trying combination:
root
	"C1"=32.000000 "C2"=0.062500 
[0.824330,0.829204] with alpha=0.050000, mean=0.826767
trying combination:
root
	"C1"=32.000000 "C2"=0.125000 
[0.824838,0.829489] with alpha=0.050000, mean=0.827163
trying combination:
root
	"C1"=32.000000 "C2"=0.250000 
[0.827577,0.832185] with alpha=0.050000, mean=0.829881
trying combination:
root
	"C1"=32.000000 "C2"=0.500000 
[0.826700,0.831515] with alpha=0.050000, mean=0.829107
trying combination:
root
	"C1"=32.000000 "C2"=1.000000 
[0.828507,0.832547] with alpha=0.050000, mean=0.830527
trying combination:
root
	"C1"=32.000000 "C2"=2.000000 
[0.828570,0.832425] with alpha=0.050000, mean=0.830498
trying combination:
root
	"C1"=32.000000 "C2"=4.000000 
[0.826649,0.831108] with alpha=0.050000, mean=0.828879
trying combination:
root
	"C1"=32.000000 "C2"=8.000000 
[0.827748,0.832671] with alpha=0.050000, mean=0.830209
trying combination:
root
	"C1"=32.000000 "C2"=16.000000 
[0.826260,0.830320] with alpha=0.050000, mean=0.828290
trying combination:
root
	"C1"=32.000000 "C2"=32.000000 
[0.826272,0.830535] with alpha=0.050000, mean=0.828404
trying combination:
root
	"C1"=32.000000 "C2"=64.000000 
[0.824294,0.828931] with alpha=0.050000, mean=0.826613
trying combination:
root
	"C1"=32.000000 "C2"=128.000000 
[0.828947,0.833228] with alpha=0.050000, mean=0.831087
trying combination:
root
	"C1"=32.000000 "C2"=256.000000 
[0.826247,0.830800] with alpha=0.050000, mean=0.828523
trying combination:
root
	"C1"=32.000000 "C2"=512.000000 
[0.826961,0.831274] with alpha=0.050000, mean=0.829118
trying combination:
root
	"C1"=32.000000 "C2"=1024.000000 
[0.825634,0.829844] with alpha=0.050000, mean=0.827739
trying combination:
root
	"C1"=64.000000 "C2"=0.000977 
[0.834117,0.838196] with alpha=0.050000, mean=0.836157
trying combination:
root
	"C1"=64.000000 "C2"=0.001953 
[0.832412,0.836022] with alpha=0.050000, mean=0.834217
trying combination:
root
	"C1"=64.000000 "C2"=0.003906 
[0.832351,0.835420] with alpha=0.050000, mean=0.833885
trying combination:
root
	"C1"=64.000000 "C2"=0.007812 
[0.835806,0.839174] with alpha=0.050000, mean=0.837490
trying combination:
root
	"C1"=64.000000 "C2"=0.015625 
[0.828424,0.832588] with alpha=0.050000, mean=0.830506
trying combination:
root
	"C1"=64.000000 "C2"=0.031250 
[0.827585,0.831869] with alpha=0.050000, mean=0.829727
trying combination:
root
	"C1"=64.000000 "C2"=0.062500 
[0.828026,0.831899] with alpha=0.050000, mean=0.829963
trying combination:
root
	"C1"=64.000000 "C2"=0.125000 
[0.824320,0.828574] with alpha=0.050000, mean=0.826447
trying combination:
root
	"C1"=64.000000 "C2"=0.250000 
[0.826144,0.830405] with alpha=0.050000, mean=0.828275
trying combination:
root
	"C1"=64.000000 "C2"=0.500000 
[0.828867,0.833506] with alpha=0.050000, mean=0.831186
trying combination:
root
	"C1"=64.000000 "C2"=1.000000 
[0.829825,0.833680] with alpha=0.050000, mean=0.831752
trying combination:
root
	"C1"=64.000000 "C2"=2.000000 
[0.825788,0.829816] with alpha=0.050000, mean=0.827802
trying combination:
root
	"C1"=64.000000 "C2"=4.000000 
[0.825298,0.829449] with alpha=0.050000, mean=0.827373
trying combination:
root
	"C1"=64.000000 "C2"=8.000000 
[0.825527,0.830169] with alpha=0.050000, mean=0.827848
trying combination:
root
	"C1"=64.000000 "C2"=16.000000 
[0.826656,0.831257] with alpha=0.050000, mean=0.828956
trying combination:
root
	"C1"=64.000000 "C2"=32.000000 
[0.826382,0.830579] with alpha=0.050000, mean=0.828481
trying combination:
root
	"C1"=64.000000 "C2"=64.000000 
[0.826068,0.829348] with alpha=0.050000, mean=0.827708
trying combination:
root
	"C1"=64.000000 "C2"=128.000000 
[0.828107,0.831958] with alpha=0.050000, mean=0.830033
trying combination:
root
	"C1"=64.000000 "C2"=256.000000 
[0.826339,0.830851] with alpha=0.050000, mean=0.828595
trying combination:
root
	"C1"=64.000000 "C2"=512.000000 
[0.824754,0.828969] with alpha=0.050000, mean=0.826862
trying combination:
root
	"C1"=64.000000 "C2"=1024.000000 
[0.825532,0.830333] with alpha=0.050000, mean=0.827932
trying combination:
root
	"C1"=128.000000 "C2"=0.000977 
[0.835946,0.839781] with alpha=0.050000, mean=0.837863
trying combination:
root
	"C1"=128.000000 "C2"=0.001953 
[0.832693,0.835832] with alpha=0.050000, mean=0.834262
trying combination:
root
	"C1"=128.000000 "C2"=0.003906 
[0.832171,0.836134] with alpha=0.050000, mean=0.834153
trying combination:
root
	"C1"=128.000000 "C2"=0.007812 
[0.836814,0.840773] with alpha=0.050000, mean=0.838794
trying combination:
root
	"C1"=128.000000 "C2"=0.015625 
[0.826143,0.830227] with alpha=0.050000, mean=0.828185
trying combination:
root
	"C1"=128.000000 "C2"=0.031250 
[0.824721,0.828765] with alpha=0.050000, mean=0.826743
trying combination:
root
	"C1"=128.000000 "C2"=0.062500 
[0.827199,0.830712] with alpha=0.050000, mean=0.828955
trying combination:
root
	"C1"=128.000000 "C2"=0.125000 
[0.827007,0.831053] with alpha=0.050000, mean=0.829030
trying combination:
root
	"C1"=128.000000 "C2"=0.250000 
[0.826389,0.830219] with alpha=0.050000, mean=0.828304
trying combination:
root
	"C1"=128.000000 "C2"=0.500000 
[0.827867,0.831897] with alpha=0.050000, mean=0.829882
trying combination:
root
	"C1"=128.000000 "C2"=1.000000 
[0.826510,0.831343] with alpha=0.050000, mean=0.828927
trying combination:
root
	"C1"=128.000000 "C2"=2.000000 
[0.827403,0.831440] with alpha=0.050000, mean=0.829422
trying combination:
root
	"C1"=128.000000 "C2"=4.000000 
[0.825062,0.829628] with alpha=0.050000, mean=0.827345
trying combination:
root
	"C1"=128.000000 "C2"=8.000000 
[0.824600,0.828780] with alpha=0.050000, mean=0.826690
trying combination:
root
	"C1"=128.000000 "C2"=16.000000 
[0.827374,0.831206] with alpha=0.050000, mean=0.829290
trying combination:
root
	"C1"=128.000000 "C2"=32.000000 
[0.826196,0.830130] with alpha=0.050000, mean=0.828163
trying combination:
root
	"C1"=128.000000 "C2"=64.000000 
[0.827128,0.831786] with alpha=0.050000, mean=0.829457
trying combination:
root
	"C1"=128.000000 "C2"=128.000000 
[0.827155,0.831210] with alpha=0.050000, mean=0.829182
trying combination:
root
	"C1"=128.000000 "C2"=256.000000 
[0.826285,0.829945] with alpha=0.050000, mean=0.828115
trying combination:
root
	"C1"=128.000000 "C2"=512.000000 
[0.825054,0.829255] with alpha=0.050000, mean=0.827154
trying combination:
root
	"C1"=128.000000 "C2"=1024.000000 
[0.826458,0.830633] with alpha=0.050000, mean=0.828545
trying combination:
root
	"C1"=256.000000 "C2"=0.000977 
[0.836210,0.839564] with alpha=0.050000, mean=0.837887
trying combination:
root
	"C1"=256.000000 "C2"=0.001953 
[0.831890,0.835254] with alpha=0.050000, mean=0.833572
trying combination:
root
	"C1"=256.000000 "C2"=0.003906 
[0.831385,0.834750] with alpha=0.050000, mean=0.833067
trying combination:
root
	"C1"=256.000000 "C2"=0.007812 
[0.837430,0.841338] with alpha=0.050000, mean=0.839384
trying combination:
root
	"C1"=256.000000 "C2"=0.015625 
[0.828995,0.832643] with alpha=0.050000, mean=0.830819
trying combination:
root
	"C1"=256.000000 "C2"=0.031250 
[0.827495,0.831853] with alpha=0.050000, mean=0.829674
trying combination:
root
	"C1"=256.000000 "C2"=0.062500 
[0.827050,0.831401] with alpha=0.050000, mean=0.829226
trying combination:
root
	"C1"=256.000000 "C2"=0.125000 
[0.826226,0.829889] with alpha=0.050000, mean=0.828057
trying combination:
root
	"C1"=256.000000 "C2"=0.250000 
[0.826458,0.830179] with alpha=0.050000, mean=0.828319
trying combination:
root
	"C1"=256.000000 "C2"=0.500000 
[0.826843,0.830442] with alpha=0.050000, mean=0.828642
trying combination:
root
	"C1"=256.000000 "C2"=1.000000 
[0.827467,0.831692] with alpha=0.050000, mean=0.829579
trying combination:
root
	"C1"=256.000000 "C2"=2.000000 
[0.829220,0.833393] with alpha=0.050000, mean=0.831306
trying combination:
root
	"C1"=256.000000 "C2"=4.000000 
[0.826431,0.831126] with alpha=0.050000, mean=0.828778
trying combination:
root
	"C1"=256.000000 "C2"=8.000000 
[0.826785,0.831051] with alpha=0.050000, mean=0.828918
trying combination:
root
	"C1"=256.000000 "C2"=16.000000 
[0.827615,0.832538] with alpha=0.050000, mean=0.830077
trying combination:
root
	"C1"=256.000000 "C2"=32.000000 
[0.824098,0.828732] with alpha=0.050000, mean=0.826415
trying combination:
root
	"C1"=256.000000 "C2"=64.000000 
[0.827082,0.831463] with alpha=0.050000, mean=0.829272
trying combination:
root
	"C1"=256.000000 "C2"=128.000000 
[0.826029,0.830995] with alpha=0.050000, mean=0.828512
trying combination:
root
	"C1"=256.000000 "C2"=256.000000 
[0.826914,0.831824] with alpha=0.050000, mean=0.829369
trying combination:
root
	"C1"=256.000000 "C2"=512.000000 
[0.826064,0.830321] with alpha=0.050000, mean=0.828193
trying combination:
root
	"C1"=256.000000 "C2"=1024.000000 
[0.827249,0.831273] with alpha=0.050000, mean=0.829261
trying combination:
root
	"C1"=512.000000 "C2"=0.000977 
[0.835545,0.839328] with alpha=0.050000, mean=0.837436
trying combination:
root
	"C1"=512.000000 "C2"=0.001953 
[0.831989,0.835809] with alpha=0.050000, mean=0.833899
trying combination:
root
	"C1"=512.000000 "C2"=0.003906 
[0.830485,0.833605] with alpha=0.050000, mean=0.832045
trying combination:
root
	"C1"=512.000000 "C2"=0.007812 
[0.836403,0.839909] with alpha=0.050000, mean=0.838156
trying combination:
root
	"C1"=512.000000 "C2"=0.015625 
[0.828052,0.832265] with alpha=0.050000, mean=0.830159
trying combination:
root
	"C1"=512.000000 "C2"=0.031250 
[0.827135,0.830410] with alpha=0.050000, mean=0.828772
trying combination:
root
	"C1"=512.000000 "C2"=0.062500 
[0.825775,0.830798] with alpha=0.050000, mean=0.828287
trying combination:
root
	"C1"=512.000000 "C2"=0.125000 
[0.826820,0.830339] with alpha=0.050000, mean=0.828579
trying combination:
root
	"C1"=512.000000 "C2"=0.250000 
[0.827646,0.831974] with alpha=0.050000, mean=0.829810
trying combination:
root
	"C1"=512.000000 "C2"=0.500000 
[0.825397,0.829976] with alpha=0.050000, mean=0.827687
trying combination:
root
	"C1"=512.000000 "C2"=1.000000 
[0.826868,0.831872] with alpha=0.050000, mean=0.829370
trying combination:
root
	"C1"=512.000000 "C2"=2.000000 
[0.827438,0.831429] with alpha=0.050000, mean=0.829433
trying combination:
root
	"C1"=512.000000 "C2"=4.000000 
[0.828074,0.831920] with alpha=0.050000, mean=0.829997
trying combination:
root
	"C1"=512.000000 "C2"=8.000000 
[0.826684,0.830747] with alpha=0.050000, mean=0.828716
trying combination:
root
	"C1"=512.000000 "C2"=16.000000 
[0.826579,0.830527] with alpha=0.050000, mean=0.828553
trying combination:
root
	"C1"=512.000000 "C2"=32.000000 
[0.827201,0.831187] with alpha=0.050000, mean=0.829194
trying combination:
root
	"C1"=512.000000 "C2"=64.000000 
[0.826795,0.831100] with alpha=0.050000, mean=0.828947
trying combination:
root
	"C1"=512.000000 "C2"=128.000000 
[0.827372,0.832215] with alpha=0.050000, mean=0.829794
trying combination:
root
	"C1"=512.000000 "C2"=256.000000 
[0.827697,0.831412] with alpha=0.050000, mean=0.829554
trying combination:
root
	"C1"=512.000000 "C2"=512.000000 
[0.824648,0.829049] with alpha=0.050000, mean=0.826849
trying combination:
root
	"C1"=512.000000 "C2"=1024.000000 
[0.825083,0.828870] with alpha=0.050000, mean=0.826976
trying combination:
root
	"C1"=1024.000000 "C2"=0.000977 
[0.837962,0.840979] with alpha=0.050000, mean=0.839470
trying combination:
root
	"C1"=1024.000000 "C2"=0.001953 
[0.834845,0.837686] with alpha=0.050000, mean=0.836265
trying combination:
root
	"C1"=1024.000000 "C2"=0.003906 
[0.833102,0.836102] with alpha=0.050000, mean=0.834602
trying combination:
root
	"C1"=1024.000000 "C2"=0.007812 
[0.836432,0.840050] with alpha=0.050000, mean=0.838241
trying combination:
root
	"C1"=1024.000000 "C2"=0.015625 
[0.826982,0.830288] with alpha=0.050000, mean=0.828635
trying combination:
root
	"C1"=1024.000000 "C2"=0.031250 
[0.828194,0.831968] with alpha=0.050000, mean=0.830081
trying combination:
root
	"C1"=1024.000000 "C2"=0.062500 
[0.826010,0.829974] with alpha=0.050000, mean=0.827992
trying combination:
root
	"C1"=1024.000000 "C2"=0.125000 
[0.826419,0.830765] with alpha=0.050000, mean=0.828592
trying combination:
root
	"C1"=1024.000000 "C2"=0.250000 
[0.826891,0.830973] with alpha=0.050000, mean=0.828932
trying combination:
root
	"C1"=1024.000000 "C2"=0.500000 
[0.826843,0.831147] with alpha=0.050000, mean=0.828995
trying combination:
root
	"C1"=1024.000000 "C2"=1.000000 
[0.826432,0.830995] with alpha=0.050000, mean=0.828714
trying combination:
root
	"C1"=1024.000000 "C2"=2.000000 
[0.827242,0.830778] with alpha=0.050000, mean=0.829010
trying combination:
root
	"C1"=1024.000000 "C2"=4.000000 
[0.827240,0.831394] with alpha=0.050000, mean=0.829317
trying combination:
root
	"C1"=1024.000000 "C2"=8.000000 
[0.826560,0.830631] with alpha=0.050000, mean=0.828596
trying combination:
root
	"C1"=1024.000000 "C2"=16.000000 
[0.827862,0.831635] with alpha=0.050000, mean=0.829748
trying combination:
root
	"C1"=1024.000000 "C2"=32.000000 
[0.826040,0.830953] with alpha=0.050000, mean=0.828496
trying combination:
root
	"C1"=1024.000000 "C2"=64.000000 
[0.825749,0.830183] with alpha=0.050000, mean=0.827966
trying combination:
root
	"C1"=1024.000000 "C2"=128.000000 
[0.827591,0.831119] with alpha=0.050000, mean=0.829355
trying combination:
root
	"C1"=1024.000000 "C2"=256.000000 
[0.828033,0.832504] with alpha=0.050000, mean=0.830268
trying combination:
root
	"C1"=1024.000000 "C2"=512.000000 
[0.827169,0.831259] with alpha=0.050000, mean=0.829214
trying combination:
root
	"C1"=1024.000000 "C2"=1024.000000 
[0.826486,0.830375] with alpha=0.050000, mean=0.828431
Best:
root
	"C1"=2.000000 "C2"=0.007812 
mean-weights= [ 0.09337772  0.78144366  0.37882597  0.46219665  0.15237229]
variance-weights= [  3.07932177e-05   4.08193750e-05   6.99034882e-05   7.67476521e-05
   5.63329617e-05]
std-weights= [ 0.00554916  0.006389    0.00836083  0.00876057  0.00750553]
